<?xml version="1.0" encoding="UTF-8"?>
<!-- Generated by org.testng.reporters.JUnitReportReporter -->
<testsuite skipped="0" hostname="DESKTOP-MLOH9VB" name="RahulAcademyTestCases.ConsultingPageURL" tests="1" failures="0" timestamp="2021-11-17T16:30:53 IST" time="0.570" errors="0">
  <testcase name="consultingurl" time="0.570" classname="RahulAcademyTestCases.ConsultingPageURL"/>
  <system-out/>
</testsuite> <!-- RahulAcademyTestCases.ConsultingPageURL -->
