<?xml version="1.0" encoding="UTF-8"?>
<!-- Generated by org.testng.reporters.JUnitReportReporter -->
<testsuite skipped="0" hostname="DESKTOP-MLOH9VB" name="RahulAcademyTestCases.LoginPage" tests="2" failures="0" timestamp="2021-12-21T22:38:48 IST" time="52.136" errors="0">
  <testcase name="loginpage" time="26.396" classname="RahulAcademyTestCases.LoginPage"/>
  <system-out/>
  <testcase name="loginpage" time="25.740" classname="RahulAcademyTestCases.LoginPage"/>
  <system-out/>
</testsuite> <!-- RahulAcademyTestCases.LoginPage -->
