<?xml version="1.0" encoding="UTF-8"?>
<!-- Generated by org.testng.reporters.JUnitReportReporter -->
<testsuite skipped="0" hostname="DESKTOP-MLOH9VB" name="RahulAcademyTestCases.ConsultingPageTitle" tests="1" failures="0" timestamp="2021-12-21T22:38:48 IST" time="8.541" errors="0">
  <testcase name="consultingTitle" time="8.541" classname="RahulAcademyTestCases.ConsultingPageTitle"/>
  <system-out/>
</testsuite> <!-- RahulAcademyTestCases.ConsultingPageTitle -->
