<?xml version="1.0" encoding="UTF-8"?>
<!-- Generated by org.testng.reporters.JUnitReportReporter -->
<testsuite skipped="0" hostname="DESKTOP-MLOH9VB" name="runnerFiles.TestRunner" tests="2" failures="0" timestamp="2021-12-23T13:04:03 IST" time="254.610" errors="0">
  <testcase name="runScenario" time="132.166" classname="runnerFiles.TestRunner"/>
  <system-out/>
  <testcase name="runScenario" time="122.444" classname="runnerFiles.TestRunner"/>
  <system-out/>
</testsuite> <!-- runnerFiles.TestRunner -->
