<?xml version="1.0" encoding="UTF-8"?>
<!-- Generated by org.testng.reporters.JUnitReportReporter -->
<testsuite skipped="0" hostname="DESKTOP-MLOH9VB" name="RahulAcademyPages.IndexPageTextVerify" tests="1" failures="0" timestamp="2021-11-17T16:06:14 IST" time="0.099" errors="0">
  <testcase name="textverify" time="0.099" classname="RahulAcademyPages.IndexPageTextVerify"/>
  <system-out/>
</testsuite> <!-- RahulAcademyPages.IndexPageTextVerify -->
