<?xml version="1.0" encoding="UTF-8"?>
<!-- Generated by org.testng.reporters.JUnitReportReporter -->
<testsuite skipped="0" hostname="DESKTOP-MLOH9VB" name="RahulAcademyTestCases.IndexPageTextVerify" tests="1" failures="0" timestamp="2021-12-22T13:53:42 IST" time="24.647" errors="0">
  <testcase name="textverify" time="24.647" classname="RahulAcademyTestCases.IndexPageTextVerify"/>
  <system-out/>
</testsuite> <!-- RahulAcademyTestCases.IndexPageTextVerify -->
